g:\github\julius_vc_projects\julius-4.3.1\julius-4.3.1\msvc\libjulius\debug\vc120.pdb
g:\github\julius_vc_projects\julius-4.3.1\julius-4.3.1\msvc\libjulius\debug\vc120.idb
g:\github\julius_vc_projects\julius-4.3.1\julius-4.3.1\msvc\libjulius\debug\m_info.obj
g:\github\julius_vc_projects\julius-4.3.1\julius-4.3.1\msvc\libjulius\debug\m_jconf.obj
g:\github\julius_vc_projects\julius-4.3.1\julius-4.3.1\msvc\libjulius\debug\m_options.obj
g:\github\julius_vc_projects\julius-4.3.1\julius-4.3.1\msvc\libjulius\debug\m_usage.obj
g:\github\julius_vc_projects\julius-4.3.1\julius-4.3.1\msvc\libjulius\debug\multi-gram.obj
g:\github\julius_vc_projects\julius-4.3.1\julius-4.3.1\msvc\libjulius\debug\ngram_decode.obj
g:\github\julius_vc_projects\julius-4.3.1\julius-4.3.1\msvc\libjulius\debug\outprob_style.obj
g:\github\julius_vc_projects\julius-4.3.1\julius-4.3.1\msvc\libjulius\debug\pass1.obj
g:\github\julius_vc_projects\julius-4.3.1\julius-4.3.1\msvc\libjulius\debug\plugin.obj
g:\github\julius_vc_projects\julius-4.3.1\julius-4.3.1\msvc\libjulius\debug\realtime-1stpass.obj
g:\github\julius_vc_projects\julius-4.3.1\julius-4.3.1\msvc\libjulius\debug\recogmain.obj
g:\github\julius_vc_projects\julius-4.3.1\julius-4.3.1\msvc\libjulius\debug\search_bestfirst_main.obj
g:\github\julius_vc_projects\julius-4.3.1\julius-4.3.1\msvc\libjulius\debug\search_bestfirst_v1.obj
g:\github\julius_vc_projects\julius-4.3.1\julius-4.3.1\msvc\libjulius\debug\search_bestfirst_v2.obj
g:\github\julius_vc_projects\julius-4.3.1\julius-4.3.1\msvc\libjulius\debug\spsegment.obj
g:\github\julius_vc_projects\julius-4.3.1\julius-4.3.1\msvc\libjulius\debug\useropt.obj
g:\github\julius_vc_projects\julius-4.3.1\julius-4.3.1\msvc\libjulius\debug\wav2mfcc.obj
g:\github\julius_vc_projects\julius-4.3.1\julius-4.3.1\msvc\libjulius\debug\wchmm.obj
g:\github\julius_vc_projects\julius-4.3.1\julius-4.3.1\msvc\libjulius\debug\wchmm_check.obj
g:\github\julius_vc_projects\julius-4.3.1\julius-4.3.1\msvc\libjulius\debug\word_align.obj
g:\github\julius_vc_projects\julius-4.3.1\julius-4.3.1\msvc\libjulius\debug\version.obj
g:\github\julius_vc_projects\julius-4.3.1\julius-4.3.1\msvc\libjulius\debug\adin-cut.obj
g:\github\julius_vc_projects\julius-4.3.1\julius-4.3.1\msvc\libjulius\debug\backtrellis.obj
g:\github\julius_vc_projects\julius-4.3.1\julius-4.3.1\msvc\libjulius\debug\beam.obj
g:\github\julius_vc_projects\julius-4.3.1\julius-4.3.1\msvc\libjulius\debug\callback.obj
g:\github\julius_vc_projects\julius-4.3.1\julius-4.3.1\msvc\libjulius\debug\confnet.obj
g:\github\julius_vc_projects\julius-4.3.1\julius-4.3.1\msvc\libjulius\debug\default.obj
g:\github\julius_vc_projects\julius-4.3.1\julius-4.3.1\msvc\libjulius\debug\dfa_decode.obj
g:\github\julius_vc_projects\julius-4.3.1\julius-4.3.1\msvc\libjulius\debug\factoring_sub.obj
g:\github\julius_vc_projects\julius-4.3.1\julius-4.3.1\msvc\libjulius\debug\gmm.obj
g:\github\julius_vc_projects\julius-4.3.1\julius-4.3.1\msvc\libjulius\debug\gramlist.obj
g:\github\julius_vc_projects\julius-4.3.1\julius-4.3.1\msvc\libjulius\debug\graphout.obj
g:\github\julius_vc_projects\julius-4.3.1\julius-4.3.1\msvc\libjulius\debug\hmm_check.obj
g:\github\julius_vc_projects\julius-4.3.1\julius-4.3.1\msvc\libjulius\debug\instance.obj
g:\github\julius_vc_projects\julius-4.3.1\julius-4.3.1\msvc\libjulius\debug\jfunc.obj
g:\github\julius_vc_projects\julius-4.3.1\julius-4.3.1\msvc\libjulius\debug\m_adin.obj
g:\github\julius_vc_projects\julius-4.3.1\julius-4.3.1\msvc\libjulius\debug\m_chkparam.obj
g:\github\julius_vc_projects\julius-4.3.1\julius-4.3.1\msvc\libjulius\debug\m_fusion.obj
g:\github\julius_vc_projects\julius-4.3.1\julius-4.3.1\msvc\libjulius\debug\vecin_net.obj
g:\github\julius_vc_projects\julius-4.3.1\julius-4.3.1\msvc\debug\libjulius.lib
g:\github\julius_vc_projects\julius-4.3.1\julius-4.3.1\msvc\libjulius\debug\libjulius.tlog\cl.command.1.tlog
g:\github\julius_vc_projects\julius-4.3.1\julius-4.3.1\msvc\libjulius\debug\libjulius.tlog\cl.read.1.tlog
g:\github\julius_vc_projects\julius-4.3.1\julius-4.3.1\msvc\libjulius\debug\libjulius.tlog\cl.write.1.tlog
g:\github\julius_vc_projects\julius-4.3.1\julius-4.3.1\msvc\libjulius\debug\libjulius.tlog\lib-link.read.1.tlog
g:\github\julius_vc_projects\julius-4.3.1\julius-4.3.1\msvc\libjulius\debug\libjulius.tlog\lib-link.write.1.tlog
g:\github\julius_vc_projects\julius-4.3.1\julius-4.3.1\msvc\libjulius\debug\libjulius.tlog\lib.command.1.tlog
