g:\github\julius_vc_projects\julius-4.3.1\julius-4.3.1\msvc\julius\debug\vc120.pdb
g:\github\julius_vc_projects\julius-4.3.1\julius-4.3.1\msvc\julius\debug\vc120.idb
g:\github\julius_vc_projects\julius-4.3.1\julius-4.3.1\msvc\julius\debug\charconv.obj
g:\github\julius_vc_projects\julius-4.3.1\julius-4.3.1\msvc\julius\debug\charconv_libjcode.obj
g:\github\julius_vc_projects\julius-4.3.1\julius-4.3.1\msvc\julius\debug\charconv_win32.obj
g:\github\julius_vc_projects\julius-4.3.1\julius-4.3.1\msvc\julius\debug\main.obj
g:\github\julius_vc_projects\julius-4.3.1\julius-4.3.1\msvc\julius\debug\module.obj
g:\github\julius_vc_projects\julius-4.3.1\julius-4.3.1\msvc\julius\debug\output_file.obj
g:\github\julius_vc_projects\julius-4.3.1\julius-4.3.1\msvc\julius\debug\output_module.obj
g:\github\julius_vc_projects\julius-4.3.1\julius-4.3.1\msvc\julius\debug\output_stdout.obj
g:\github\julius_vc_projects\julius-4.3.1\julius-4.3.1\msvc\julius\debug\recogloop.obj
g:\github\julius_vc_projects\julius-4.3.1\julius-4.3.1\msvc\julius\debug\record.obj
g:\github\julius_vc_projects\julius-4.3.1\julius-4.3.1\msvc\julius\debug\detect.obj
g:\github\julius_vc_projects\julius-4.3.1\julius-4.3.1\msvc\julius\debug\libjcode.obj
g:\github\julius_vc_projects\julius-4.3.1\julius-4.3.1\msvc\debug\julius.ilk
g:\github\julius_vc_projects\julius-4.3.1\julius-4.3.1\msvc\debug\julius.exe
g:\github\julius_vc_projects\julius-4.3.1\julius-4.3.1\msvc\debug\julius.pdb
g:\github\julius_vc_projects\julius-4.3.1\julius-4.3.1\msvc\julius\debug\julius.tlog\cl.command.1.tlog
g:\github\julius_vc_projects\julius-4.3.1\julius-4.3.1\msvc\julius\debug\julius.tlog\cl.read.1.tlog
g:\github\julius_vc_projects\julius-4.3.1\julius-4.3.1\msvc\julius\debug\julius.tlog\cl.write.1.tlog
g:\github\julius_vc_projects\julius-4.3.1\julius-4.3.1\msvc\julius\debug\julius.tlog\link.command.1.tlog
g:\github\julius_vc_projects\julius-4.3.1\julius-4.3.1\msvc\julius\debug\julius.tlog\link.read.1.tlog
g:\github\julius_vc_projects\julius-4.3.1\julius-4.3.1\msvc\julius\debug\julius.tlog\link.write.1.tlog
