g:\github\julius_vc_projects\julius-4.3.1\julius-4.3.1\msvc\libsent\debug\vc120.pdb
g:\github\julius_vc_projects\julius-4.3.1\julius-4.3.1\msvc\libsent\debug\vc120.idb
g:\github\julius_vc_projects\julius-4.3.1\julius-4.3.1\msvc\libsent\debug\outprob_init.obj
g:\github\julius_vc_projects\julius-4.3.1\julius-4.3.1\msvc\libsent\debug\vsegment.obj
g:\github\julius_vc_projects\julius-4.3.1\julius-4.3.1\msvc\libsent\debug\aptree.obj
g:\github\julius_vc_projects\julius-4.3.1\julius-4.3.1\msvc\libsent\debug\confout.obj
g:\github\julius_vc_projects\julius-4.3.1\julius-4.3.1\msvc\libsent\debug\endian.obj
g:\github\julius_vc_projects\julius-4.3.1\julius-4.3.1\msvc\libsent\debug\gzfile.obj
g:\github\julius_vc_projects\julius-4.3.1\julius-4.3.1\msvc\libsent\debug\jlog.obj
g:\github\julius_vc_projects\julius-4.3.1\julius-4.3.1\msvc\libsent\debug\mybmalloc.obj
g:\github\julius_vc_projects\julius-4.3.1\julius-4.3.1\msvc\libsent\debug\mymalloc.obj
g:\github\julius_vc_projects\julius-4.3.1\julius-4.3.1\msvc\libsent\debug\mystrtok.obj
g:\github\julius_vc_projects\julius-4.3.1\julius-4.3.1\msvc\libsent\debug\ptree.obj
g:\github\julius_vc_projects\julius-4.3.1\julius-4.3.1\msvc\libsent\debug\qsort.obj
g:\github\julius_vc_projects\julius-4.3.1\julius-4.3.1\msvc\libsent\debug\readfile.obj
g:\github\julius_vc_projects\julius-4.3.1\julius-4.3.1\msvc\libsent\debug\strcasecmp.obj
g:\github\julius_vc_projects\julius-4.3.1\julius-4.3.1\msvc\libsent\debug\init_voca.obj
g:\github\julius_vc_projects\julius-4.3.1\julius-4.3.1\msvc\libsent\debug\voca_load_htkdict.obj
g:\github\julius_vc_projects\julius-4.3.1\julius-4.3.1\msvc\libsent\debug\voca_load_wordlist.obj
g:\github\julius_vc_projects\julius-4.3.1\julius-4.3.1\msvc\libsent\debug\voca_lookup.obj
g:\github\julius_vc_projects\julius-4.3.1\julius-4.3.1\msvc\libsent\debug\voca_malloc.obj
g:\github\julius_vc_projects\julius-4.3.1\julius-4.3.1\msvc\libsent\debug\voca_util.obj
g:\github\julius_vc_projects\julius-4.3.1\julius-4.3.1\msvc\libsent\debug\ngram_access.obj
g:\github\julius_vc_projects\julius-4.3.1\julius-4.3.1\msvc\libsent\debug\ngram_compact_context.obj
g:\github\julius_vc_projects\julius-4.3.1\julius-4.3.1\msvc\libsent\debug\ngram_lookup.obj
g:\github\julius_vc_projects\julius-4.3.1\julius-4.3.1\msvc\libsent\debug\ngram_malloc.obj
g:\github\julius_vc_projects\julius-4.3.1\julius-4.3.1\msvc\libsent\debug\ngram_read_arpa.obj
g:\github\julius_vc_projects\julius-4.3.1\julius-4.3.1\msvc\libsent\debug\ngram_read_bin.obj
g:\github\julius_vc_projects\julius-4.3.1\julius-4.3.1\msvc\libsent\debug\ngram_util.obj
g:\github\julius_vc_projects\julius-4.3.1\julius-4.3.1\msvc\libsent\debug\ngram_write_bin.obj
g:\github\julius_vc_projects\julius-4.3.1\julius-4.3.1\msvc\libsent\debug\addlog.obj
g:\github\julius_vc_projects\julius-4.3.1\julius-4.3.1\msvc\libsent\debug\calc_mix.obj
g:\github\julius_vc_projects\julius-4.3.1\julius-4.3.1\msvc\libsent\debug\calc_tied_mix.obj
g:\github\julius_vc_projects\julius-4.3.1\julius-4.3.1\msvc\libsent\debug\gms.obj
g:\github\julius_vc_projects\julius-4.3.1\julius-4.3.1\msvc\libsent\debug\gms_gprune.obj
g:\github\julius_vc_projects\julius-4.3.1\julius-4.3.1\msvc\libsent\debug\gprune_beam.obj
g:\github\julius_vc_projects\julius-4.3.1\julius-4.3.1\msvc\libsent\debug\gprune_common.obj
g:\github\julius_vc_projects\julius-4.3.1\julius-4.3.1\msvc\libsent\debug\gprune_heu.obj
g:\github\julius_vc_projects\julius-4.3.1\julius-4.3.1\msvc\libsent\debug\gprune_none.obj
g:\github\julius_vc_projects\julius-4.3.1\julius-4.3.1\msvc\libsent\debug\gprune_safe.obj
g:\github\julius_vc_projects\julius-4.3.1\julius-4.3.1\msvc\libsent\debug\mkwhmm.obj
g:\github\julius_vc_projects\julius-4.3.1\julius-4.3.1\msvc\libsent\debug\outprob.obj
g:\github\julius_vc_projects\julius-4.3.1\julius-4.3.1\msvc\libsent\debug\put_htkdata_info.obj
g:\github\julius_vc_projects\julius-4.3.1\julius-4.3.1\msvc\libsent\debug\rdhmmdef.obj
g:\github\julius_vc_projects\julius-4.3.1\julius-4.3.1\msvc\libsent\debug\rdhmmdef_data.obj
g:\github\julius_vc_projects\julius-4.3.1\julius-4.3.1\msvc\libsent\debug\rdhmmdef_dens.obj
g:\github\julius_vc_projects\julius-4.3.1\julius-4.3.1\msvc\libsent\debug\rdhmmdef_mpdf.obj
g:\github\julius_vc_projects\julius-4.3.1\julius-4.3.1\msvc\libsent\debug\rdhmmdef_options.obj
g:\github\julius_vc_projects\julius-4.3.1\julius-4.3.1\msvc\libsent\debug\rdhmmdef_regtree.obj
g:\github\julius_vc_projects\julius-4.3.1\julius-4.3.1\msvc\libsent\debug\rdhmmdef_state.obj
g:\github\julius_vc_projects\julius-4.3.1\julius-4.3.1\msvc\libsent\debug\rdhmmdef_streamweight.obj
g:\github\julius_vc_projects\julius-4.3.1\julius-4.3.1\msvc\libsent\debug\rdhmmdef_tiedmix.obj
g:\github\julius_vc_projects\julius-4.3.1\julius-4.3.1\msvc\libsent\debug\rdhmmdef_trans.obj
g:\github\julius_vc_projects\julius-4.3.1\julius-4.3.1\msvc\libsent\debug\rdhmmdef_var.obj
g:\github\julius_vc_projects\julius-4.3.1\julius-4.3.1\msvc\libsent\debug\rdhmmlist.obj
g:\github\julius_vc_projects\julius-4.3.1\julius-4.3.1\msvc\libsent\debug\read_binhmm.obj
g:\github\julius_vc_projects\julius-4.3.1\julius-4.3.1\msvc\libsent\debug\read_binhmmlist.obj
g:\github\julius_vc_projects\julius-4.3.1\julius-4.3.1\msvc\libsent\debug\write_binhmm.obj
g:\github\julius_vc_projects\julius-4.3.1\julius-4.3.1\msvc\libsent\debug\write_binhmmlist.obj
g:\github\julius_vc_projects\julius-4.3.1\julius-4.3.1\msvc\libsent\debug\rdwt.obj
g:\github\julius_vc_projects\julius-4.3.1\julius-4.3.1\msvc\libsent\debug\server-client.obj
g:\github\julius_vc_projects\julius-4.3.1\julius-4.3.1\msvc\libsent\debug\init_ngram.obj
g:\github\julius_vc_projects\julius-4.3.1\julius-4.3.1\msvc\libsent\debug\strip.obj
g:\github\julius_vc_projects\julius-4.3.1\julius-4.3.1\msvc\libsent\debug\strip_mfcc.obj
g:\github\julius_vc_projects\julius-4.3.1\julius-4.3.1\msvc\libsent\debug\wrsamp.obj
g:\github\julius_vc_projects\julius-4.3.1\julius-4.3.1\msvc\libsent\debug\wrwav.obj
g:\github\julius_vc_projects\julius-4.3.1\julius-4.3.1\msvc\libsent\debug\cpair.obj
g:\github\julius_vc_projects\julius-4.3.1\julius-4.3.1\msvc\libsent\debug\dfa_lookup.obj
g:\github\julius_vc_projects\julius-4.3.1\julius-4.3.1\msvc\libsent\debug\dfa_malloc.obj
g:\github\julius_vc_projects\julius-4.3.1\julius-4.3.1\msvc\libsent\debug\dfa_util.obj
g:\github\julius_vc_projects\julius-4.3.1\julius-4.3.1\msvc\libsent\debug\init_dfa.obj
g:\github\julius_vc_projects\julius-4.3.1\julius-4.3.1\msvc\libsent\debug\mkcpair.obj
g:\github\julius_vc_projects\julius-4.3.1\julius-4.3.1\msvc\libsent\debug\mkterminfo.obj
g:\github\julius_vc_projects\julius-4.3.1\julius-4.3.1\msvc\libsent\debug\rddfa.obj
g:\github\julius_vc_projects\julius-4.3.1\julius-4.3.1\msvc\libsent\debug\cdhmm.obj
g:\github\julius_vc_projects\julius-4.3.1\julius-4.3.1\msvc\libsent\debug\cdset.obj
g:\github\julius_vc_projects\julius-4.3.1\julius-4.3.1\msvc\libsent\debug\check_hmm_restriction.obj
g:\github\julius_vc_projects\julius-4.3.1\julius-4.3.1\msvc\libsent\debug\check_hmmtype.obj
g:\github\julius_vc_projects\julius-4.3.1\julius-4.3.1\msvc\libsent\debug\chkhmmlist.obj
g:\github\julius_vc_projects\julius-4.3.1\julius-4.3.1\msvc\libsent\debug\guess_cdhmm.obj
g:\github\julius_vc_projects\julius-4.3.1\julius-4.3.1\msvc\libsent\debug\hmm_lookup.obj
g:\github\julius_vc_projects\julius-4.3.1\julius-4.3.1\msvc\libsent\debug\init_phmm.obj
g:\github\julius_vc_projects\julius-4.3.1\julius-4.3.1\msvc\libsent\debug\adin_file.obj
g:\github\julius_vc_projects\julius-4.3.1\julius-4.3.1\msvc\libsent\debug\adin_portaudio.obj
g:\github\julius_vc_projects\julius-4.3.1\julius-4.3.1\msvc\libsent\debug\adin_tcpip.obj
g:\github\julius_vc_projects\julius-4.3.1\julius-4.3.1\msvc\libsent\debug\ds48to16.obj
g:\github\julius_vc_projects\julius-4.3.1\julius-4.3.1\msvc\libsent\debug\zc-e.obj
g:\github\julius_vc_projects\julius-4.3.1\julius-4.3.1\msvc\libsent\debug\zmean.obj
g:\github\julius_vc_projects\julius-4.3.1\julius-4.3.1\msvc\libsent\debug\mfcc-core.obj
g:\github\julius_vc_projects\julius-4.3.1\julius-4.3.1\msvc\libsent\debug\para.obj
g:\github\julius_vc_projects\julius-4.3.1\julius-4.3.1\msvc\libsent\debug\ss.obj
g:\github\julius_vc_projects\julius-4.3.1\julius-4.3.1\msvc\libsent\debug\wav2mfcc-buffer.obj
g:\github\julius_vc_projects\julius-4.3.1\julius-4.3.1\msvc\libsent\debug\wav2mfcc-pipe.obj
g:\github\julius_vc_projects\julius-4.3.1\julius-4.3.1\msvc\libsent\debug\param_malloc.obj
g:\github\julius_vc_projects\julius-4.3.1\julius-4.3.1\msvc\libsent\debug\paramselect.obj
g:\github\julius_vc_projects\julius-4.3.1\julius-4.3.1\msvc\libsent\debug\paramtypes.obj
g:\github\julius_vc_projects\julius-4.3.1\julius-4.3.1\msvc\libsent\debug\rdparam.obj
g:\github\julius_vc_projects\julius-4.3.1\julius-4.3.1\msvc\debug\libsent.lib
g:\github\julius_vc_projects\julius-4.3.1\julius-4.3.1\msvc\libsent\debug\libsent.tlog\cl.command.1.tlog
g:\github\julius_vc_projects\julius-4.3.1\julius-4.3.1\msvc\libsent\debug\libsent.tlog\cl.read.1.tlog
g:\github\julius_vc_projects\julius-4.3.1\julius-4.3.1\msvc\libsent\debug\libsent.tlog\cl.write.1.tlog
g:\github\julius_vc_projects\julius-4.3.1\julius-4.3.1\msvc\libsent\debug\libsent.tlog\lib-link.read.1.tlog
g:\github\julius_vc_projects\julius-4.3.1\julius-4.3.1\msvc\libsent\debug\libsent.tlog\lib-link.write.1.tlog
g:\github\julius_vc_projects\julius-4.3.1\julius-4.3.1\msvc\libsent\debug\libsent.tlog\lib.command.1.tlog
